19:13 country 0/60 imported AR Argentina 0.00
19:13 country 1/60 imported AU Australia 0.02
19:13 country 2/60 imported AT Austria 0.02
19:13 country 3/60 imported BY Belarus 0.02
19:13 country 4/60 imported BE Belgium 0.02
19:13 country 5/60 imported BO Bolivia 0.02
19:13 country 6/60 imported BA Bosnia 0.01
19:13 country 7/60 imported BR Brazil 0.01
19:13 country 8/60 imported BG Bulgaria 0.01
19:13 country 9/60 imported CA Canada 0.02
19:13 country 10/60 imported CL Chile 0.01
19:13 country 11/60 imported HR Croatia 0.02
19:13 country 12/60 imported CY Cyprus 0.01
19:13 country 13/60 imported CZ Czech 0.02
19:13 country 14/60 imported DK Denmark 0.01
19:13 country 15/60 imported EE Estonia 0.02
19:13 country 16/60 imported FI Finland 0.01
19:13 country 17/60 imported FR France 0.02
19:13 country 18/60 imported DE Germany 0.01
19:13 country 19/60 imported GR Greece 0.01
19:13 country 20/60 imported HK Hong Kong 0.01
19:13 country 21/60 imported HU Hungary 0.02
19:13 country 22/60 imported IS Iceland 0.01
19:13 country 23/60 imported IN India 0.02
19:13 country 24/60 imported ID Indonesia 0.01
19:13 country 25/60 imported IE Ireland 0.01
19:13 country 26/60 imported IL Israel 0.01
19:13 country 27/60 imported IT Italy 0.02
19:13 country 28/60 imported JP Japan 0.02
19:13 country 29/60 imported LV Latvia 0.02
19:13 country 30/60 imported LI Liechtenstein 0.02
19:13 country 31/60 imported LT Lithuania 0.01
19:13 country 32/60 imported MK Macedonia 0.01
19:13 country 33/60 imported MT Malta 0.01
19:13 country 34/60 imported MD Moldova 0.01
19:13 country 35/60 imported MC Monaco 0.01
19:13 country 36/60 imported NL Netherlands 0.01
19:13 country 37/60 imported NZ New Zealand 0.01
19:13 country 38/60 imported NO Norway 0.01
19:13 country 39/60 imported PK Pakistan 0.01
19:13 country 40/60 imported PE Peru 0.01
19:13 country 41/60 imported PL Poland 0.02
19:13 country 42/60 imported PT Portugal 0.01
19:13 country 43/60 imported RO Romania 0.01
19:13 country 44/60 imported RU Russia 0.02
19:13 country 45/60 imported RS Serbia 0.01
19:13 country 46/60 imported SK Slovakia 0.01
19:13 country 47/60 imported SI Slovenia 0.01
19:13 country 48/60 imported ZA South Africa 0.01
19:13 country 49/60 imported ES Spain 0.01
19:13 country 50/60 imported SE Sweden 0.01
19:13 country 51/60 imported CH Switzerland 0.01
19:13 country 52/60 imported TW Taiwan 0.02
19:13 country 53/60 imported TR Turkey 0.02
19:13 country 54/60 imported GB UK 0.01
19:13 country 55/60 imported US USA 0.02
19:13 country 56/60 imported UA Ukraine 0.01
19:13 country 57/60 imported UY Uruguay 0.02
19:13 country 58/60 imported UZ Uzbekistan 0.02
19:13 country 59/60 imported YU Yugoslavia 0.01
